<?xml version="1.0" encoding="UTF-8"?>
<testng-results skipped="0" failed="1" ignored="0" total="1" passed="0">
  <reporter-output>
  </reporter-output>
  <suite name="com API" duration-ms="6417" started-at="2021-04-24T03:39:22Z" finished-at="2021-04-24T03:39:29Z">
    <groups>
    </groups>
    <test name="Performance API Test" duration-ms="6417" started-at="2021-04-24T03:39:22Z" finished-at="2021-04-24T03:39:29Z">
      <class name="qa.api.com.tests.performance.GetTemplate">
        <test-method status="PASS" signature="setUp()[pri:0, instance:qa.api.com.tests.performance.GetTemplate@26a4842b]" name="setUp" is-config="true" duration-ms="51" started-at="2021-04-24T03:39:22Z" finished-at="2021-04-24T03:39:22Z">
          <reporter-output>
          </reporter-output>
        </test-method> <!-- setUp -->
        <test-method status="FAIL" signature="getTemplateByID()[pri:0, instance:qa.api.com.tests.performance.GetTemplate@26a4842b]" name="getTemplateByID" duration-ms="5992" started-at="2021-04-24T03:39:23Z" finished-at="2021-04-24T03:39:29Z">
          <exception class="java.lang.AssertionError">
            <message>
              <![CDATA[expected [200] but found [422]]]>
            </message>
            <full-stacktrace>
              <![CDATA[java.lang.AssertionError: expected [200] but found [422]
at org.testng.Assert.fail(Assert.java:96)
at org.testng.Assert.failNotEquals(Assert.java:776)
at org.testng.Assert.assertEqualsImpl(Assert.java:137)
at org.testng.Assert.assertEquals(Assert.java:118)
at org.testng.Assert.assertEquals(Assert.java:652)
at org.testng.Assert.assertEquals(Assert.java:662)
at qa.api.com.tests.performance.GetTemplate.getTemplateByID(GetTemplate.java:57)
at sun.reflect.NativeMethodAccessorImpl.invoke0(Native Method)
at sun.reflect.NativeMethodAccessorImpl.invoke(NativeMethodAccessorImpl.java:62)
at sun.reflect.DelegatingMethodAccessorImpl.invoke(DelegatingMethodAccessorImpl.java:43)
at java.lang.reflect.Method.invoke(Method.java:498)
at org.testng.internal.MethodInvocationHelper.invokeMethod(MethodInvocationHelper.java:124)
at org.testng.internal.Invoker.invokeMethod(Invoker.java:583)
at org.testng.internal.Invoker.invokeTestMethod(Invoker.java:719)
at org.testng.internal.Invoker.invokeTestMethods(Invoker.java:989)
at org.testng.internal.TestMethodWorker.invokeTestMethods(TestMethodWorker.java:125)
at org.testng.internal.TestMethodWorker.run(TestMethodWorker.java:109)
at java.util.concurrent.ThreadPoolExecutor.runWorker(ThreadPoolExecutor.java:1149)
at java.util.concurrent.ThreadPoolExecutor$Worker.run(ThreadPoolExecutor.java:624)
at java.lang.Thread.run(Thread.java:748)
]]>
            </full-stacktrace>
          </exception> <!-- java.lang.AssertionError -->
          <reporter-output>
          </reporter-output>
        </test-method> <!-- getTemplateByID -->
      </class> <!-- qa.api.com.tests.performance.GetTemplate -->
    </test> <!-- Performance API Test -->
  </suite> <!-- com API -->
</testng-results>
